\BOOKMARK [0][-]{chapter.1}{\376\377\000\315\000n\000d\000i\000c\000e\000\040\000d\000e\000\040\000c\000l\000a\000s\000e\000s}{}% 1
\BOOKMARK [1][-]{section.1.1}{\376\377\000L\000i\000s\000t\000a\000\040\000d\000e\000\040\000c\000l\000a\000s\000e\000s}{chapter.1}% 2
\BOOKMARK [0][-]{chapter.2}{\376\377\000D\000o\000c\000u\000m\000e\000n\000t\000a\000c\000i\000\363\000n\000\040\000d\000e\000\040\000l\000a\000s\000\040\000c\000l\000a\000s\000e\000s}{}% 3
\BOOKMARK [1][-]{section.2.1}{\376\377\000R\000e\000f\000e\000r\000e\000n\000c\000i\000a\000\040\000d\000e\000\040\000l\000a\000\040\000C\000l\000a\000s\000e\000\040\000C\000o\000n\000v\000e\000x\000H\000u\000l\000l}{chapter.2}% 4
\BOOKMARK [1][-]{section.2.2}{\376\377\000R\000e\000f\000e\000r\000e\000n\000c\000i\000a\000\040\000d\000e\000\040\000l\000a\000\040\000C\000l\000a\000s\000e\000\040\000H\000E\000\137\000e\000d\000g\000e}{chapter.2}% 5
\BOOKMARK [2][-]{subsection.2.2.1}{\376\377\000D\000e\000s\000c\000r\000i\000p\000c\000i\000\363\000n\000\040\000d\000e\000t\000a\000l\000l\000a\000d\000a}{section.2.2}% 6
\BOOKMARK [2][-]{subsection.2.2.2}{\376\377\000D\000o\000c\000u\000m\000e\000n\000t\000a\000c\000i\000\363\000n\000\040\000d\000e\000l\000\040\000c\000o\000n\000s\000t\000r\000u\000c\000t\000o\000r\000\040\000y\000\040\000d\000e\000s\000t\000r\000u\000c\000t\000o\000r}{section.2.2}% 7
\BOOKMARK [3][-]{subsubsection.2.2.2.1}{\376\377\000H\000E\000\137\000e\000d\000g\000e}{subsection.2.2.2}% 8
\BOOKMARK [3][-]{subsubsection.2.2.2.2}{\376\377\000H\000E\000\137\000e\000d\000g\000e}{subsection.2.2.2}% 9
\BOOKMARK [1][-]{section.2.3}{\376\377\000R\000e\000f\000e\000r\000e\000n\000c\000i\000a\000\040\000d\000e\000\040\000l\000a\000\040\000C\000l\000a\000s\000e\000\040\000H\000E\000\137\000f\000a\000c\000e}{chapter.2}% 10
\BOOKMARK [2][-]{subsection.2.3.1}{\376\377\000D\000e\000s\000c\000r\000i\000p\000c\000i\000\363\000n\000\040\000d\000e\000t\000a\000l\000l\000a\000d\000a}{section.2.3}% 11
\BOOKMARK [2][-]{subsection.2.3.2}{\376\377\000D\000o\000c\000u\000m\000e\000n\000t\000a\000c\000i\000\363\000n\000\040\000d\000e\000l\000\040\000c\000o\000n\000s\000t\000r\000u\000c\000t\000o\000r\000\040\000y\000\040\000d\000e\000s\000t\000r\000u\000c\000t\000o\000r}{section.2.3}% 12
\BOOKMARK [3][-]{subsubsection.2.3.2.1}{\376\377\000H\000E\000\137\000f\000a\000c\000e}{subsection.2.3.2}% 13
\BOOKMARK [3][-]{subsubsection.2.3.2.2}{\376\377\000H\000E\000\137\000f\000a\000c\000e}{subsection.2.3.2}% 14
\BOOKMARK [2][-]{subsection.2.3.3}{\376\377\000D\000o\000c\000u\000m\000e\000n\000t\000a\000c\000i\000\363\000n\000\040\000d\000e\000\040\000l\000o\000s\000\040\000d\000a\000t\000o\000s\000\040\000m\000i\000e\000m\000b\000r\000o}{section.2.3}% 15
\BOOKMARK [3][-]{subsubsection.2.3.3.1}{\376\377\000e\000d\000g\000e}{subsection.2.3.3}% 16
\BOOKMARK [1][-]{section.2.4}{\376\377\000R\000e\000f\000e\000r\000e\000n\000c\000i\000a\000\040\000d\000e\000\040\000l\000a\000\040\000C\000l\000a\000s\000e\000\040\000H\000E\000\137\000v\000e\000r\000t}{chapter.2}% 17
\BOOKMARK [2][-]{subsection.2.4.1}{\376\377\000D\000e\000s\000c\000r\000i\000p\000c\000i\000\363\000n\000\040\000d\000e\000t\000a\000l\000l\000a\000d\000a}{section.2.4}% 18
\BOOKMARK [2][-]{subsection.2.4.2}{\376\377\000D\000o\000c\000u\000m\000e\000n\000t\000a\000c\000i\000\363\000n\000\040\000d\000e\000l\000\040\000c\000o\000n\000s\000t\000r\000u\000c\000t\000o\000r\000\040\000y\000\040\000d\000e\000s\000t\000r\000u\000c\000t\000o\000r}{section.2.4}% 19
\BOOKMARK [3][-]{subsubsection.2.4.2.1}{\376\377\000H\000E\000\137\000v\000e\000r\000t}{subsection.2.4.2}% 20
\BOOKMARK [2][-]{subsection.2.4.3}{\376\377\000D\000o\000c\000u\000m\000e\000n\000t\000a\000c\000i\000\363\000n\000\040\000d\000e\000\040\000l\000o\000s\000\040\000d\000a\000t\000o\000s\000\040\000m\000i\000e\000m\000b\000r\000o}{section.2.4}% 21
\BOOKMARK [3][-]{subsubsection.2.4.3.1}{\376\377\000e\000d\000g\000e}{subsection.2.4.3}% 22
\BOOKMARK [3][-]{subsubsection.2.4.3.2}{\376\377\000p\000o\000i\000n\000t}{subsection.2.4.3}% 23
\BOOKMARK [1][-]{section.2.5}{\376\377\000R\000e\000f\000e\000r\000e\000n\000c\000i\000a\000\040\000d\000e\000\040\000l\000a\000\040\000C\000l\000a\000s\000e\000\040\000P\000o\000i\000n\000t\0002\000D}{chapter.2}% 24
\BOOKMARK [2][-]{subsection.2.5.1}{\376\377\000D\000e\000s\000c\000r\000i\000p\000c\000i\000\363\000n\000\040\000d\000e\000t\000a\000l\000l\000a\000d\000a}{section.2.5}% 25
\BOOKMARK [2][-]{subsection.2.5.2}{\376\377\000D\000o\000c\000u\000m\000e\000n\000t\000a\000c\000i\000\363\000n\000\040\000d\000e\000l\000\040\000c\000o\000n\000s\000t\000r\000u\000c\000t\000o\000r\000\040\000y\000\040\000d\000e\000s\000t\000r\000u\000c\000t\000o\000r}{section.2.5}% 26
\BOOKMARK [3][-]{subsubsection.2.5.2.1}{\376\377\000P\000o\000i\000n\000t\0002\000D}{subsection.2.5.2}% 27
\BOOKMARK [3][-]{subsubsection.2.5.2.2}{\376\377\000P\000o\000i\000n\000t\0002\000D}{subsection.2.5.2}% 28
\BOOKMARK [3][-]{subsubsection.2.5.2.3}{\376\377\000P\000o\000i\000n\000t\0002\000D}{subsection.2.5.2}% 29
\BOOKMARK [2][-]{subsection.2.5.3}{\376\377\000D\000o\000c\000u\000m\000e\000n\000t\000a\000c\000i\000\363\000n\000\040\000d\000e\000\040\000l\000a\000s\000\040\000f\000u\000n\000c\000i\000o\000n\000e\000s\000\040\000m\000i\000e\000m\000b\000r\000o}{section.2.5}% 30
\BOOKMARK [3][-]{subsubsection.2.5.3.1}{\376\377\000a\000s\000s\000i\000g\000n\000n}{subsection.2.5.3}% 31
\BOOKMARK [3][-]{subsubsection.2.5.3.2}{\376\377\000g\000e\000t}{subsection.2.5.3}% 32
\BOOKMARK [3][-]{subsubsection.2.5.3.3}{\376\377\000g\000e\000t\000A\000m}{subsection.2.5.3}% 33
\BOOKMARK [3][-]{subsubsection.2.5.3.4}{\376\377\000g\000e\000t\000L\000e\000f\000t\000M\000o\000s\000t}{subsection.2.5.3}% 34
\BOOKMARK [3][-]{subsubsection.2.5.3.5}{\376\377\000g\000e\000t\000x}{subsection.2.5.3}% 35
\BOOKMARK [3][-]{subsubsection.2.5.3.6}{\376\377\000g\000e\000t\000y}{subsection.2.5.3}% 36
\BOOKMARK [3][-]{subsubsection.2.5.3.7}{\376\377\000o\000n\000L\000e\000f\000t}{subsection.2.5.3}% 37
\BOOKMARK [3][-]{subsubsection.2.5.3.8}{\376\377\000o\000p\000e\000r\000a\000t\000o\000r\000!\000=}{subsection.2.5.3}% 38
\BOOKMARK [3][-]{subsubsection.2.5.3.9}{\376\377\000o\000p\000e\000r\000a\000t\000o\000r\000-}{subsection.2.5.3}% 39
\BOOKMARK [3][-]{subsubsection.2.5.3.10}{\376\377\000o\000p\000e\000r\000a\000t\000o\000r\000=\000=}{subsection.2.5.3}% 40
\BOOKMARK [3][-]{subsubsection.2.5.3.11}{\376\377\000s\000e\000t\000N\000e\000x\000t}{subsection.2.5.3}% 41
\BOOKMARK [3][-]{subsubsection.2.5.3.12}{\376\377\000s\000e\000t\000N\000e\000x\000t}{subsection.2.5.3}% 42
\BOOKMARK [3][-]{subsubsection.2.5.3.13}{\376\377\000s\000e\000t\000t}{subsection.2.5.3}% 43
\BOOKMARK [3][-]{subsubsection.2.5.3.14}{\376\377\000s\000e\000t\000x}{subsection.2.5.3}% 44
\BOOKMARK [3][-]{subsubsection.2.5.3.15}{\376\377\000s\000e\000t\000y}{subsection.2.5.3}% 45
\BOOKMARK [0][-]{section*.11}{\376\377\000\315\000n\000d\000i\000c\000e}{}% 46
